-------------------------------------------------------------------------------
Test set: com.yx.commonsmodel.CommonsModelApplicationTests
-------------------------------------------------------------------------------
Tests run: 1, Failures: 0, Errors: 1, Skipped: 0, Time elapsed: 0.813 s <<< FAILURE! - in com.yx.commonsmodel.CommonsModelApplicationTests
initializationError(com.yx.commonsmodel.CommonsModelApplicationTests)  Time elapsed: 0.014 s  <<< ERROR!
java.lang.IllegalStateException: Unable to find a @SpringBootConfiguration, you need to use @ContextConfiguration or @SpringBootTest(classes=...) with your test

