<?xml version="1.0" encoding="UTF-8"?>
<testsuite xmlns:xsi="http://www.w3.org/2001/XMLSchema-instance" xsi:noNamespaceSchemaLocation="https://maven.apache.org/surefire/maven-surefire-plugin/xsd/surefire-test-report.xsd" name="com.yx.commonsmodel.CommonsModelApplicationTests" time="0.813" tests="1" errors="1" skipped="0" failures="0">
  <properties>
[...]
</properties>
  <testcase name="initializationError" classname="com.yx.commonsmodel.CommonsModelApplicationTests" time="0.014">
    <error message="Unable to find a @SpringBootConfiguration, you need to use @ContextConfiguration or @SpringBootTest(classes=...) with your test" type="java.lang.IllegalStateException">java.lang.IllegalStateException: Unable to find a @SpringBootConfiguration, you need to use @ContextConfiguration or @SpringBootTest(classes=...) with your test
</error>
    <system-out><![CDATA[14:50:48.209 [main] DEBUG org.springframework.test.context.junit4.SpringJUnit4ClassRunner - SpringJUnit4ClassRunner constructor called with [class com.yx.commonsmodel.CommonsModelApplicationTests]
14:50:48.218 [main] DEBUG org.springframework.test.context.BootstrapUtils - Instantiating CacheAwareContextLoaderDelegate from class [org.springframework.test.context.cache.DefaultCacheAwareContextLoaderDelegate]
14:50:48.228 [main] DEBUG org.springframework.test.context.BootstrapUtils - Instantiating BootstrapContext using constructor [public org.springframework.test.context.support.DefaultBootstrapContext(java.lang.Class,org.springframework.test.context.CacheAwareContextLoaderDelegate)]
14:50:48.249 [main] DEBUG org.springframework.test.context.BootstrapUtils - Instantiating TestContextBootstrapper for test class [com.yx.commonsmodel.CommonsModelApplicationTests] from class [org.springframework.boot.test.context.SpringBootTestContextBootstrapper]
14:50:48.283 [main] INFO org.springframework.boot.test.context.SpringBootTestContextBootstrapper - Neither @ContextConfiguration nor @ContextHierarchy found for test class [com.yx.commonsmodel.CommonsModelApplicationTests], using SpringBootContextLoader
14:50:48.287 [main] DEBUG org.springframework.test.context.support.AbstractContextLoader - Did not detect default resource location for test class [com.yx.commonsmodel.CommonsModelApplicationTests]: class path resource [com/yx/commonsmodel/CommonsModelApplicationTests-context.xml] does not exist
14:50:48.288 [main] DEBUG org.springframework.test.context.support.AbstractContextLoader - Did not detect default resource location for test class [com.yx.commonsmodel.CommonsModelApplicationTests]: class path resource [com/yx/commonsmodel/CommonsModelApplicationTestsContext.groovy] does not exist
14:50:48.288 [main] INFO org.springframework.test.context.support.AbstractContextLoader - Could not detect default resource locations for test class [com.yx.commonsmodel.CommonsModelApplicationTests]: no resource found for suffixes {-context.xml, Context.groovy}.
14:50:48.289 [main] INFO org.springframework.test.context.support.AnnotationConfigContextLoaderUtils - Could not detect default configuration classes for test class [com.yx.commonsmodel.CommonsModelApplicationTests]: CommonsModelApplicationTests does not declare any static, non-private, non-final, nested classes annotated with @Configuration.
14:50:48.343 [main] DEBUG org.springframework.test.context.support.ActiveProfilesUtils - Could not find an 'annotation declaring class' for annotation type [org.springframework.test.context.ActiveProfiles] and class [com.yx.commonsmodel.CommonsModelApplicationTests]
14:50:48.351 [main] DEBUG org.springframework.core.env.StandardEnvironment - Adding PropertySource 'systemProperties' with lowest search precedence
14:50:48.352 [main] DEBUG org.springframework.core.env.StandardEnvironment - Adding PropertySource 'systemEnvironment' with lowest search precedence
14:50:48.352 [main] DEBUG org.springframework.core.env.StandardEnvironment - Initialized StandardEnvironment with PropertySources [MapPropertySource@1427889191 {name='systemProperties', properties={idea.version=2018.1.3, java.runtime.name=Java(TM) SE Runtime Environment, sun.boot.library.path=/Library/Java/JavaVirtualMachines/jdk1.8.0_112.jdk/Contents/Home/jre/lib, java.vm.version=25.112-b16, gopherProxySet=false, java.vm.vendor=Oracle Corporation, java.vendor.url=http://java.oracle.com/, path.separator=:, java.vm.name=Java HotSpot(TM) 64-Bit Server VM, file.encoding.pkg=sun.io, user.country=CN, sun.java.launcher=SUN_STANDARD, sun.os.patch.level=unknown, java.vm.specification.name=Java Virtual Machine Specification, user.dir=/Users/yinxiong/shunshine/ideaWks/MicroService/commons-model, java.runtime.version=1.8.0_112-b16, basedir=/Users/yinxiong/shunshine/ideaWks/MicroService/commons-model, java.awt.graphicsenv=sun.awt.CGraphicsEnvironment, java.endorsed.dirs=/Library/Java/JavaVirtualMachines/jdk1.8.0_112.jdk/Contents/Home/jre/lib/endorsed, os.arch=x86_64, surefire.real.class.path=/Users/yinxiong/shunshine/ideaWks/MicroService/commons-model/target/surefire/surefirebooter3615770704774957082.jar, java.io.tmpdir=/var/folders/pw/fjjbqww166950q_gqttgmf200000gn/T/, line.separator=
, java.vm.specification.vendor=Oracle Corporation, os.name=Mac OS X, sun.jnu.encoding=UTF-8, java.library.path=/Users/yinxiong/Library/Java/Extensions:/Library/Java/Extensions:/Network/Library/Java/Extensions:/System/Library/Java/Extensions:/usr/lib/java:., surefire.test.class.path=/Users/yinxiong/shunshine/ideaWks/MicroService/commons-model/target/test-classes:/Users/yinxiong/shunshine/ideaWks/MicroService/commons-model/target/classes:/Users/yinxiong/risk_dev/myRepo/org/springframework/boot/spring-boot-starter-web/2.0.4.RELEASE/spring-boot-starter-web-2.0.4.RELEASE.jar:/Users/yinxiong/risk_dev/myRepo/org/springframework/boot/spring-boot-starter/2.0.4.RELEASE/spring-boot-starter-2.0.4.RELEASE.jar:/Users/yinxiong/risk_dev/myRepo/org/springframework/boot/spring-boot/2.0.4.RELEASE/spring-boot-2.0.4.RELEASE.jar:/Users/yinxiong/risk_dev/myRepo/org/springframework/boot/spring-boot-autoconfigure/2.0.4.RELEASE/spring-boot-autoconfigure-2.0.4.RELEASE.jar:/Users/yinxiong/risk_dev/myRepo/org/springframework/boot/spring-boot-starter-logging/2.0.4.RELEASE/spring-boot-starter-logging-2.0.4.RELEASE.jar:/Users/yinxiong/risk_dev/myRepo/ch/qos/logback/logback-classic/1.2.3/logback-classic-1.2.3.jar:/Users/yinxiong/risk_dev/myRepo/ch/qos/logback/logback-core/1.2.3/logback-core-1.2.3.jar:/Users/yinxiong/risk_dev/myRepo/org/apache/logging/log4j/log4j-to-slf4j/2.10.0/log4j-to-slf4j-2.10.0.jar:/Users/yinxiong/risk_dev/myRepo/org/apache/logging/log4j/log4j-api/2.10.0/log4j-api-2.10.0.jar:/Users/yinxiong/risk_dev/myRepo/org/slf4j/jul-to-slf4j/1.7.25/jul-to-slf4j-1.7.25.jar:/Users/yinxiong/risk_dev/myRepo/javax/annotation/javax.annotation-api/1.3.2/javax.annotation-api-1.3.2.jar:/Users/yinxiong/risk_dev/myRepo/org/yaml/snakeyaml/1.19/snakeyaml-1.19.jar:/Users/yinxiong/risk_dev/myRepo/org/springframework/boot/spring-boot-starter-json/2.0.4.RELEASE/spring-boot-starter-json-2.0.4.RELEASE.jar:/Users/yinxiong/risk_dev/myRepo/com/fasterxml/jackson/core/jackson-databind/2.9.6/jackson-databind-2.9.6.jar:/Users/yinxiong/risk_dev/myRepo/com/fasterxml/jackson/core/jackson-annotations/2.9.0/jackson-annotations-2.9.0.jar:/Users/yinxiong/risk_dev/myRepo/com/fasterxml/jackson/core/jackson-core/2.9.6/jackson-core-2.9.6.jar:/Users/yinxiong/risk_dev/myRepo/com/fasterxml/jackson/datatype/jackson-datatype-jdk8/2.9.6/jackson-datatype-jdk8-2.9.6.jar:/Users/yinxiong/risk_dev/myRepo/com/fasterxml/jackson/datatype/jackson-datatype-jsr310/2.9.6/jackson-datatype-jsr310-2.9.6.jar:/Users/yinxiong/risk_dev/myRepo/com/fasterxml/jackson/module/jackson-module-parameter-names/2.9.6/jackson-module-parameter-names-2.9.6.jar:/Users/yinxiong/risk_dev/myRepo/org/springframework/boot/spring-boot-starter-tomcat/2.0.4.RELEASE/spring-boot-starter-tomcat-2.0.4.RELEASE.jar:/Users/yinxiong/risk_dev/myRepo/org/apache/tomcat/embed/tomcat-embed-core/8.5.32/tomcat-embed-core-8.5.32.jar:/Users/yinxiong/risk_dev/myRepo/org/apache/tomcat/embed/tomcat-embed-el/8.5.32/tomcat-embed-el-8.5.32.jar:/Users/yinxiong/risk_dev/myRepo/org/apache/tomcat/embed/tomcat-embed-websocket/8.5.32/tomcat-embed-websocket-8.5.32.jar:/Users/yinxiong/risk_dev/myRepo/org/hibernate/validator/hibernate-validator/6.0.11.Final/hibernate-validator-6.0.11.Final.jar:/Users/yinxiong/risk_dev/myRepo/javax/validation/validation-api/2.0.1.Final/validation-api-2.0.1.Final.jar:/Users/yinxiong/risk_dev/myRepo/org/jboss/logging/jboss-logging/3.3.2.Final/jboss-logging-3.3.2.Final.jar:/Users/yinxiong/risk_dev/myRepo/com/fasterxml/classmate/1.3.4/classmate-1.3.4.jar:/Users/yinxiong/risk_dev/myRepo/org/springframework/spring-web/5.0.8.RELEASE/spring-web-5.0.8.RELEASE.jar:/Users/yinxiong/risk_dev/myRepo/org/springframework/spring-beans/5.0.8.RELEASE/spring-beans-5.0.8.RELEASE.jar:/Users/yinxiong/risk_dev/myRepo/org/springframework/spring-webmvc/5.0.8.RELEASE/spring-webmvc-5.0.8.RELEASE.jar:/Users/yinxiong/risk_dev/myRepo/org/springframework/spring-aop/5.0.8.RELEASE/spring-aop-5.0.8.RELEASE.jar:/Users/yinxiong/risk_dev/myRepo/org/springframework/spring-context/5.0.8.RELEASE/spring-context-5.0.8.RELEASE.jar:/Users/yinxiong/risk_dev/myRepo/org/springframework/spring-expression/5.0.8.RELEASE/spring-expression-5.0.8.RELEASE.jar:/Users/yinxiong/risk_dev/myRepo/org/projectlombok/lombok/1.16.22/lombok-1.16.22.jar:/Users/yinxiong/risk_dev/myRepo/org/springframework/boot/spring-boot-starter-test/2.0.4.RELEASE/spring-boot-starter-test-2.0.4.RELEASE.jar:/Users/yinxiong/risk_dev/myRepo/org/springframework/boot/spring-boot-test/2.0.4.RELEASE/spring-boot-test-2.0.4.RELEASE.jar:/Users/yinxiong/risk_dev/myRepo/org/springframework/boot/spring-boot-test-autoconfigure/2.0.4.RELEASE/spring-boot-test-autoconfigure-2.0.4.RELEASE.jar:/Users/yinxiong/risk_dev/myRepo/com/jayway/jsonpath/json-path/2.4.0/json-path-2.4.0.jar:/Users/yinxiong/risk_dev/myRepo/net/minidev/json-smart/2.3/json-smart-2.3.jar:/Users/yinxiong/risk_dev/myRepo/net/minidev/accessors-smart/1.2/accessors-smart-1.2.jar:/Users/yinxiong/risk_dev/myRepo/org/ow2/asm/asm/5.0.4/asm-5.0.4.jar:/Users/yinxiong/risk_dev/myRepo/org/slf4j/slf4j-api/1.7.25/slf4j-api-1.7.25.jar:/Users/yinxiong/risk_dev/myRepo/junit/junit/4.12/junit-4.12.jar:/Users/yinxiong/risk_dev/myRepo/org/assertj/assertj-core/3.9.1/assertj-core-3.9.1.jar:/Users/yinxiong/risk_dev/myRepo/org/mockito/mockito-core/2.15.0/mockito-core-2.15.0.jar:/Users/yinxiong/risk_dev/myRepo/net/bytebuddy/byte-buddy/1.7.11/byte-buddy-1.7.11.jar:/Users/yinxiong/risk_dev/myRepo/net/bytebuddy/byte-buddy-agent/1.7.11/byte-buddy-agent-1.7.11.jar:/Users/yinxiong/risk_dev/myRepo/org/objenesis/objenesis/2.6/objenesis-2.6.jar:/Users/yinxiong/risk_dev/myRepo/org/hamcrest/hamcrest-core/1.3/hamcrest-core-1.3.jar:/Users/yinxiong/risk_dev/myRepo/org/hamcrest/hamcrest-library/1.3/hamcrest-library-1.3.jar:/Users/yinxiong/risk_dev/myRepo/org/skyscreamer/jsonassert/1.5.0/jsonassert-1.5.0.jar:/Users/yinxiong/risk_dev/myRepo/com/vaadin/external/google/android-json/0.0.20131108.vaadin1/android-json-0.0.20131108.vaadin1.jar:/Users/yinxiong/risk_dev/myRepo/org/springframework/spring-core/5.0.8.RELEASE/spring-core-5.0.8.RELEASE.jar:/Users/yinxiong/risk_dev/myRepo/org/springframework/spring-jcl/5.0.8.RELEASE/spring-jcl-5.0.8.RELEASE.jar:/Users/yinxiong/risk_dev/myRepo/org/springframework/spring-test/5.0.8.RELEASE/spring-test-5.0.8.RELEASE.jar:/Users/yinxiong/risk_dev/myRepo/org/xmlunit/xmlunit-core/2.5.1/xmlunit-core-2.5.1.jar:/Users/yinxiong/risk_dev/myRepo/org/springframework/cloud/spring-cloud-starter-netflix-eureka-server/2.0.1.RELEASE/spring-cloud-starter-netflix-eureka-server-2.0.1.RELEASE.jar:/Users/yinxiong/risk_dev/myRepo/org/springframework/cloud/spring-cloud-starter/2.0.1.RELEASE/spring-cloud-starter-2.0.1.RELEASE.jar:/Users/yinxiong/risk_dev/myRepo/org/springframework/cloud/spring-cloud-context/2.0.1.RELEASE/spring-cloud-context-2.0.1.RELEASE.jar:/Users/yinxiong/risk_dev/myRepo/org/springframework/security/spring-security-crypto/5.0.7.RELEASE/spring-security-crypto-5.0.7.RELEASE.jar:/Users/yinxiong/risk_dev/myRepo/org/springframework/cloud/spring-cloud-commons/2.0.1.RELEASE/spring-cloud-commons-2.0.1.RELEASE.jar:/Users/yinxiong/risk_dev/myRepo/org/springframework/security/spring-security-rsa/1.0.5.RELEASE/spring-security-rsa-1.0.5.RELEASE.jar:/Users/yinxiong/risk_dev/myRepo/org/bouncycastle/bcpkix-jdk15on/1.56/bcpkix-jdk15on-1.56.jar:/Users/yinxiong/risk_dev/myRepo/org/bouncycastle/bcprov-jdk15on/1.56/bcprov-jdk15on-1.56.jar:/Users/yinxiong/risk_dev/myRepo/org/springframework/cloud/spring-cloud-netflix-eureka-server/2.0.1.RELEASE/spring-cloud-netflix-eureka-server-2.0.1.RELEASE.jar:/Users/yinxiong/risk_dev/myRepo/org/springframework/boot/spring-boot-starter-actuator/2.0.4.RELEASE/spring-boot-starter-actuator-2.0.4.RELEASE.jar:/Users/yinxiong/risk_dev/myRepo/org/springframework/boot/spring-boot-actuator-autoconfigure/2.0.4.RELEASE/spring-boot-actuator-autoconfigure-2.0.4.RELEASE.jar:/Users/yinxiong/risk_dev/myRepo/org/springframework/boot/spring-boot-actuator/2.0.4.RELEASE/spring-boot-actuator-2.0.4.RELEASE.jar:/Users/yinxiong/risk_dev/myRepo/io/micrometer/micrometer-core/1.0.6/micrometer-core-1.0.6.jar:/Users/yinxiong/risk_dev/myRepo/org/hdrhistogram/HdrHistogram/2.1.10/HdrHistogram-2.1.10.jar:/Users/yinxiong/risk_dev/myRepo/org/latencyutils/LatencyUtils/2.0.3/LatencyUtils-2.0.3.jar:/Users/yinxiong/risk_dev/myRepo/org/springframework/boot/spring-boot-starter-freemarker/2.0.4.RELEASE/spring-boot-starter-freemarker-2.0.4.RELEASE.jar:/Users/yinxiong/risk_dev/myRepo/org/freemarker/freemarker/2.3.28/freemarker-2.3.28.jar:/Users/yinxiong/risk_dev/myRepo/org/springframework/spring-context-support/5.0.8.RELEASE/spring-context-support-5.0.8.RELEASE.jar:/Users/yinxiong/risk_dev/myRepo/org/springframework/cloud/spring-cloud-netflix-core/2.0.1.RELEASE/spring-cloud-netflix-core-2.0.1.RELEASE.jar:/Users/yinxiong/risk_dev/myRepo/org/springframework/boot/spring-boot-starter-aop/2.0.4.RELEASE/spring-boot-starter-aop-2.0.4.RELEASE.jar:/Users/yinxiong/risk_dev/myRepo/org/aspectj/aspectjweaver/1.8.13/aspectjweaver-1.8.13.jar:/Users/yinxiong/risk_dev/myRepo/org/springframework/cloud/spring-cloud-netflix-eureka-client/2.0.1.RELEASE/spring-cloud-netflix-eureka-client-2.0.1.RELEASE.jar:/Users/yinxiong/risk_dev/myRepo/com/netflix/eureka/eureka-client/1.9.3/eureka-client-1.9.3.jar:/Users/yinxiong/risk_dev/myRepo/org/codehaus/jettison/jettison/1.3.7/jettison-1.3.7.jar:/Users/yinxiong/risk_dev/myRepo/stax/stax-api/1.0.1/stax-api-1.0.1.jar:/Users/yinxiong/risk_dev/myRepo/com/netflix/netflix-commons/netflix-eventbus/0.3.0/netflix-eventbus-0.3.0.jar:/Users/yinxiong/risk_dev/myRepo/com/netflix/netflix-commons/netflix-infix/0.3.0/netflix-infix-0.3.0.jar:/Users/yinxiong/risk_dev/myRepo/commons-jxpath/commons-jxpath/1.3/commons-jxpath-1.3.jar:/Users/yinxiong/risk_dev/myRepo/joda-time/joda-time/2.9.9/joda-time-2.9.9.jar:/Users/yinxiong/risk_dev/myRepo/org/antlr/antlr-runtime/3.4/antlr-runtime-3.4.jar:/Users/yinxiong/risk_dev/myRepo/org/antlr/stringtemplate/3.2.1/stringtemplate-3.2.1.jar:/Users/yinxiong/risk_dev/myRepo/antlr/antlr/2.7.7/antlr-2.7.7.jar:/Users/yinxiong/risk_dev/myRepo/com/google/code/gson/gson/2.8.5/gson-2.8.5.jar:/Users/yinxiong/risk_dev/myRepo/org/apache/commons/commons-math/2.2/commons-math-2.2.jar:/Users/yinxiong/risk_dev/myRepo/javax/ws/rs/jsr311-api/1.1.1/jsr311-api-1.1.1.jar:/Users/yinxiong/risk_dev/myRepo/com/netflix/servo/servo-core/0.12.21/servo-core-0.12.21.jar:/Users/yinxiong/risk_dev/myRepo/com/sun/jersey/jersey-core/1.19.1/jersey-core-1.19.1.jar:/Users/yinxiong/risk_dev/myRepo/com/sun/jersey/jersey-client/1.19.1/jersey-client-1.19.1.jar:/Users/yinxiong/risk_dev/myRepo/com/sun/jersey/contribs/jersey-apache-client4/1.19.1/jersey-apache-client4-1.19.1.jar:/Users/yinxiong/risk_dev/myRepo/org/apache/httpcomponents/httpclient/4.5.6/httpclient-4.5.6.jar:/Users/yinxiong/risk_dev/myRepo/org/apache/httpcomponents/httpcore/4.4.10/httpcore-4.4.10.jar:/Users/yinxiong/risk_dev/myRepo/commons-codec/commons-codec/1.11/commons-codec-1.11.jar:/Users/yinxiong/risk_dev/myRepo/com/google/inject/guice/4.1.0/guice-4.1.0.jar:/Users/yinxiong/risk_dev/myRepo/aopalliance/aopalliance/1.0/aopalliance-1.0.jar:/Users/yinxiong/risk_dev/myRepo/com/github/vlsi/compactmap/compactmap/1.2.1/compactmap-1.2.1.jar:/Users/yinxiong/risk_dev/myRepo/com/github/andrewoma/dexx/dexx-collections/0.2/dexx-collections-0.2.jar:/Users/yinxiong/risk_dev/myRepo/com/sun/jersey/jersey-servlet/1.19.1/jersey-servlet-1.19.1.jar:/Users/yinxiong/risk_dev/myRepo/com/sun/jersey/jersey-server/1.19.1/jersey-server-1.19.1.jar:/Users/yinxiong/risk_dev/myRepo/com/netflix/eureka/eureka-core/1.9.3/eureka-core-1.9.3.jar:/Users/yinxiong/risk_dev/myRepo/org/codehaus/woodstox/woodstox-core-asl/4.4.1/woodstox-core-asl-4.4.1.jar:/Users/yinxiong/risk_dev/myRepo/javax/xml/stream/stax-api/1.0-2/stax-api-1.0-2.jar:/Users/yinxiong/risk_dev/myRepo/com/netflix/archaius/archaius-core/0.7.6/archaius-core-0.7.6.jar:/Users/yinxiong/risk_dev/myRepo/com/google/code/findbugs/jsr305/3.0.1/jsr305-3.0.1.jar:/Users/yinxiong/risk_dev/myRepo/com/google/guava/guava/16.0/guava-16.0.jar:/Users/yinxiong/risk_dev/myRepo/javax/inject/javax.inject/1/javax.inject-1.jar:/Users/yinxiong/risk_dev/myRepo/com/fasterxml/jackson/dataformat/jackson-dataformat-xml/2.9.6/jackson-dataformat-xml-2.9.6.jar:/Users/yinxiong/risk_dev/myRepo/com/fasterxml/jackson/module/jackson-module-jaxb-annotations/2.9.6/jackson-module-jaxb-annotations-2.9.6.jar:/Users/yinxiong/risk_dev/myRepo/org/codehaus/woodstox/stax2-api/3.1.4/stax2-api-3.1.4.jar:/Users/yinxiong/risk_dev/myRepo/com/fasterxml/woodstox/woodstox-core/5.0.3/woodstox-core-5.0.3.jar:/Users/yinxiong/risk_dev/myRepo/com/thoughtworks/xstream/xstream/1.4.10/xstream-1.4.10.jar:/Users/yinxiong/risk_dev/myRepo/xmlpull/xmlpull/1.1.3.1/xmlpull-1.1.3.1.jar:/Users/yinxiong/risk_dev/myRepo/xpp3/xpp3_min/1.1.4c/xpp3_min-1.1.4c.jar:/Users/yinxiong/risk_dev/myRepo/org/springframework/cloud/spring-cloud-starter-netflix-archaius/2.0.1.RELEASE/spring-cloud-starter-netflix-archaius-2.0.1.RELEASE.jar:/Users/yinxiong/risk_dev/myRepo/org/springframework/cloud/spring-cloud-netflix-ribbon/2.0.1.RELEASE/spring-cloud-netflix-ribbon-2.0.1.RELEASE.jar:/Users/yinxiong/risk_dev/myRepo/org/springframework/cloud/spring-cloud-netflix-archaius/2.0.1.RELEASE/spring-cloud-netflix-archaius-2.0.1.RELEASE.jar:/Users/yinxiong/risk_dev/myRepo/commons-configuration/commons-configuration/1.8/commons-configuration-1.8.jar:/Users/yinxiong/risk_dev/myRepo/commons-lang/commons-lang/2.6/commons-lang-2.6.jar:/Users/yinxiong/risk_dev/myRepo/org/springframework/cloud/spring-cloud-starter-netflix-ribbon/2.0.1.RELEASE/spring-cloud-starter-netflix-ribbon-2.0.1.RELEASE.jar:/Users/yinxiong/risk_dev/myRepo/com/netflix/ribbon/ribbon/2.2.5/ribbon-2.2.5.jar:/Users/yinxiong/risk_dev/myRepo/com/netflix/ribbon/ribbon-transport/2.2.5/ribbon-transport-2.2.5.jar:/Users/yinxiong/risk_dev/myRepo/io/reactivex/rxnetty-contexts/0.4.9/rxnetty-contexts-0.4.9.jar:/Users/yinxiong/risk_dev/myRepo/io/reactivex/rxnetty-servo/0.4.9/rxnetty-servo-0.4.9.jar:/Users/yinxiong/risk_dev/myRepo/com/netflix/hystrix/hystrix-core/1.5.12/hystrix-core-1.5.12.jar:/Users/yinxiong/risk_dev/myRepo/io/reactivex/rxnetty/0.4.9/rxnetty-0.4.9.jar:/Users/yinxiong/risk_dev/myRepo/io/netty/netty-codec-http/4.1.27.Final/netty-codec-http-4.1.27.Final.jar:/Users/yinxiong/risk_dev/myRepo/io/netty/netty-codec/4.1.27.Final/netty-codec-4.1.27.Final.jar:/Users/yinxiong/risk_dev/myRepo/io/netty/netty-transport-native-epoll/4.1.27.Final/netty-transport-native-epoll-4.1.27.Final.jar:/Users/yinxiong/risk_dev/myRepo/io/netty/netty-common/4.1.27.Final/netty-common-4.1.27.Final.jar:/Users/yinxiong/risk_dev/myRepo/io/netty/netty-buffer/4.1.27.Final/netty-buffer-4.1.27.Final.jar:/Users/yinxiong/risk_dev/myRepo/io/netty/netty-transport-native-unix-common/4.1.27.Final/netty-transport-native-unix-common-4.1.27.Final.jar:/Users/yinxiong/risk_dev/myRepo/io/netty/netty-transport/4.1.27.Final/netty-transport-4.1.27.Final.jar:/Users/yinxiong/risk_dev/myRepo/io/netty/netty-resolver/4.1.27.Final/netty-resolver-4.1.27.Final.jar:/Users/yinxiong/risk_dev/myRepo/com/netflix/ribbon/ribbon-core/2.2.5/ribbon-core-2.2.5.jar:/Users/yinxiong/risk_dev/myRepo/com/netflix/ribbon/ribbon-httpclient/2.2.5/ribbon-httpclient-2.2.5.jar:/Users/yinxiong/risk_dev/myRepo/commons-collections/commons-collections/3.2.2/commons-collections-3.2.2.jar:/Users/yinxiong/risk_dev/myRepo/com/netflix/netflix-commons/netflix-commons-util/0.3.0/netflix-commons-util-0.3.0.jar:/Users/yinxiong/risk_dev/myRepo/com/netflix/ribbon/ribbon-loadbalancer/2.2.5/ribbon-loadbalancer-2.2.5.jar:/Users/yinxiong/risk_dev/myRepo/com/netflix/netflix-commons/netflix-statistics/0.1.1/netflix-statistics-0.1.1.jar:/Users/yinxiong/risk_dev/myRepo/io/reactivex/rxjava/1.3.8/rxjava-1.3.8.jar:/Users/yinxiong/risk_dev/myRepo/com/netflix/ribbon/ribbon-eureka/2.2.5/ribbon-eureka-2.2.5.jar:, java.specification.name=Java Platform API Specification, java.class.version=52.0, sun.management.compiler=HotSpot 64-Bit Tiered Compilers, os.version=10.14.2, user.home=/Users/yinxiong, user.timezone=Asia/Shanghai, java.awt.printerjob=sun.lwawt.macosx.CPrinterJob, file.encoding=US-ASCII, java.specification.version=1.8, java.class.path=/Users/yinxiong/shunshine/ideaWks/MicroService/commons-model/target/test-classes:/Users/yinxiong/shunshine/ideaWks/MicroService/commons-model/target/classes:/Users/yinxiong/risk_dev/myRepo/org/springframework/boot/spring-boot-starter-web/2.0.4.RELEASE/spring-boot-starter-web-2.0.4.RELEASE.jar:/Users/yinxiong/risk_dev/myRepo/org/springframework/boot/spring-boot-starter/2.0.4.RELEASE/spring-boot-starter-2.0.4.RELEASE.jar:/Users/yinxiong/risk_dev/myRepo/org/springframework/boot/spring-boot/2.0.4.RELEASE/spring-boot-2.0.4.RELEASE.jar:/Users/yinxiong/risk_dev/myRepo/org/springframework/boot/spring-boot-autoconfigure/2.0.4.RELEASE/spring-boot-autoconfigure-2.0.4.RELEASE.jar:/Users/yinxiong/risk_dev/myRepo/org/springframework/boot/spring-boot-starter-logging/2.0.4.RELEASE/spring-boot-starter-logging-2.0.4.RELEASE.jar:/Users/yinxiong/risk_dev/myRepo/ch/qos/logback/logback-classic/1.2.3/logback-classic-1.2.3.jar:/Users/yinxiong/risk_dev/myRepo/ch/qos/logback/logback-core/1.2.3/logback-core-1.2.3.jar:/Users/yinxiong/risk_dev/myRepo/org/apache/logging/log4j/log4j-to-slf4j/2.10.0/log4j-to-slf4j-2.10.0.jar:/Users/yinxiong/risk_dev/myRepo/org/apache/logging/log4j/log4j-api/2.10.0/log4j-api-2.10.0.jar:/Users/yinxiong/risk_dev/myRepo/org/slf4j/jul-to-slf4j/1.7.25/jul-to-slf4j-1.7.25.jar:/Users/yinxiong/risk_dev/myRepo/javax/annotation/javax.annotation-api/1.3.2/javax.annotation-api-1.3.2.jar:/Users/yinxiong/risk_dev/myRepo/org/yaml/snakeyaml/1.19/snakeyaml-1.19.jar:/Users/yinxiong/risk_dev/myRepo/org/springframework/boot/spring-boot-starter-json/2.0.4.RELEASE/spring-boot-starter-json-2.0.4.RELEASE.jar:/Users/yinxiong/risk_dev/myRepo/com/fasterxml/jackson/core/jackson-databind/2.9.6/jackson-databind-2.9.6.jar:/Users/yinxiong/risk_dev/myRepo/com/fasterxml/jackson/core/jackson-annotations/2.9.0/jackson-annotations-2.9.0.jar:/Users/yinxiong/risk_dev/myRepo/com/fasterxml/jackson/core/jackson-core/2.9.6/jackson-core-2.9.6.jar:/Users/yinxiong/risk_dev/myRepo/com/fasterxml/jackson/datatype/jackson-datatype-jdk8/2.9.6/jackson-datatype-jdk8-2.9.6.jar:/Users/yinxiong/risk_dev/myRepo/com/fasterxml/jackson/datatype/jackson-datatype-jsr310/2.9.6/jackson-datatype-jsr310-2.9.6.jar:/Users/yinxiong/risk_dev/myRepo/com/fasterxml/jackson/module/jackson-module-parameter-names/2.9.6/jackson-module-parameter-names-2.9.6.jar:/Users/yinxiong/risk_dev/myRepo/org/springframework/boot/spring-boot-starter-tomcat/2.0.4.RELEASE/spring-boot-starter-tomcat-2.0.4.RELEASE.jar:/Users/yinxiong/risk_dev/myRepo/org/apache/tomcat/embed/tomcat-embed-core/8.5.32/tomcat-embed-core-8.5.32.jar:/Users/yinxiong/risk_dev/myRepo/org/apache/tomcat/embed/tomcat-embed-el/8.5.32/tomcat-embed-el-8.5.32.jar:/Users/yinxiong/risk_dev/myRepo/org/apache/tomcat/embed/tomcat-embed-websocket/8.5.32/tomcat-embed-websocket-8.5.32.jar:/Users/yinxiong/risk_dev/myRepo/org/hibernate/validator/hibernate-validator/6.0.11.Final/hibernate-validator-6.0.11.Final.jar:/Users/yinxiong/risk_dev/myRepo/javax/validation/validation-api/2.0.1.Final/validation-api-2.0.1.Final.jar:/Users/yinxiong/risk_dev/myRepo/org/jboss/logging/jboss-logging/3.3.2.Final/jboss-logging-3.3.2.Final.jar:/Users/yinxiong/risk_dev/myRepo/com/fasterxml/classmate/1.3.4/classmate-1.3.4.jar:/Users/yinxiong/risk_dev/myRepo/org/springframework/spring-web/5.0.8.RELEASE/spring-web-5.0.8.RELEASE.jar:/Users/yinxiong/risk_dev/myRepo/org/springframework/spring-beans/5.0.8.RELEASE/spring-beans-5.0.8.RELEASE.jar:/Users/yinxiong/risk_dev/myRepo/org/springframework/spring-webmvc/5.0.8.RELEASE/spring-webmvc-5.0.8.RELEASE.jar:/Users/yinxiong/risk_dev/myRepo/org/springframework/spring-aop/5.0.8.RELEASE/spring-aop-5.0.8.RELEASE.jar:/Users/yinxiong/risk_dev/myRepo/org/springframework/spring-context/5.0.8.RELEASE/spring-context-5.0.8.RELEASE.jar:/Users/yinxiong/risk_dev/myRepo/org/springframework/spring-expression/5.0.8.RELEASE/spring-expression-5.0.8.RELEASE.jar:/Users/yinxiong/risk_dev/myRepo/org/projectlombok/lombok/1.16.22/lombok-1.16.22.jar:/Users/yinxiong/risk_dev/myRepo/org/springframework/boot/spring-boot-starter-test/2.0.4.RELEASE/spring-boot-starter-test-2.0.4.RELEASE.jar:/Users/yinxiong/risk_dev/myRepo/org/springframework/boot/spring-boot-test/2.0.4.RELEASE/spring-boot-test-2.0.4.RELEASE.jar:/Users/yinxiong/risk_dev/myRepo/org/springframework/boot/spring-boot-test-autoconfigure/2.0.4.RELEASE/spring-boot-test-autoconfigure-2.0.4.RELEASE.jar:/Users/yinxiong/risk_dev/myRepo/com/jayway/jsonpath/json-path/2.4.0/json-path-2.4.0.jar:/Users/yinxiong/risk_dev/myRepo/net/minidev/json-smart/2.3/json-smart-2.3.jar:/Users/yinxiong/risk_dev/myRepo/net/minidev/accessors-smart/1.2/accessors-smart-1.2.jar:/Users/yinxiong/risk_dev/myRepo/org/ow2/asm/asm/5.0.4/asm-5.0.4.jar:/Users/yinxiong/risk_dev/myRepo/org/slf4j/slf4j-api/1.7.25/slf4j-api-1.7.25.jar:/Users/yinxiong/risk_dev/myRepo/junit/junit/4.12/junit-4.12.jar:/Users/yinxiong/risk_dev/myRepo/org/assertj/assertj-core/3.9.1/assertj-core-3.9.1.jar:/Users/yinxiong/risk_dev/myRepo/org/mockito/mockito-core/2.15.0/mockito-core-2.15.0.jar:/Users/yinxiong/risk_dev/myRepo/net/bytebuddy/byte-buddy/1.7.11/byte-buddy-1.7.11.jar:/Users/yinxiong/risk_dev/myRepo/net/bytebuddy/byte-buddy-agent/1.7.11/byte-buddy-agent-1.7.11.jar:/Users/yinxiong/risk_dev/myRepo/org/objenesis/objenesis/2.6/objenesis-2.6.jar:/Users/yinxiong/risk_dev/myRepo/org/hamcrest/hamcrest-core/1.3/hamcrest-core-1.3.jar:/Users/yinxiong/risk_dev/myRepo/org/hamcrest/hamcrest-library/1.3/hamcrest-library-1.3.jar:/Users/yinxiong/risk_dev/myRepo/org/skyscreamer/jsonassert/1.5.0/jsonassert-1.5.0.jar:/Users/yinxiong/risk_dev/myRepo/com/vaadin/external/google/android-json/0.0.20131108.vaadin1/android-json-0.0.20131108.vaadin1.jar:/Users/yinxiong/risk_dev/myRepo/org/springframework/spring-core/5.0.8.RELEASE/spring-core-5.0.8.RELEASE.jar:/Users/yinxiong/risk_dev/myRepo/org/springframework/spring-jcl/5.0.8.RELEASE/spring-jcl-5.0.8.RELEASE.jar:/Users/yinxiong/risk_dev/myRepo/org/springframework/spring-test/5.0.8.RELEASE/spring-test-5.0.8.RELEASE.jar:/Users/yinxiong/risk_dev/myRepo/org/xmlunit/xmlunit-core/2.5.1/xmlunit-core-2.5.1.jar:/Users/yinxiong/risk_dev/myRepo/org/springframework/cloud/spring-cloud-starter-netflix-eureka-server/2.0.1.RELEASE/spring-cloud-starter-netflix-eureka-server-2.0.1.RELEASE.jar:/Users/yinxiong/risk_dev/myRepo/org/springframework/cloud/spring-cloud-starter/2.0.1.RELEASE/spring-cloud-starter-2.0.1.RELEASE.jar:/Users/yinxiong/risk_dev/myRepo/org/springframework/cloud/spring-cloud-context/2.0.1.RELEASE/spring-cloud-context-2.0.1.RELEASE.jar:/Users/yinxiong/risk_dev/myRepo/org/springframework/security/spring-security-crypto/5.0.7.RELEASE/spring-security-crypto-5.0.7.RELEASE.jar:/Users/yinxiong/risk_dev/myRepo/org/springframework/cloud/spring-cloud-commons/2.0.1.RELEASE/spring-cloud-commons-2.0.1.RELEASE.jar:/Users/yinxiong/risk_dev/myRepo/org/springframework/security/spring-security-rsa/1.0.5.RELEASE/spring-security-rsa-1.0.5.RELEASE.jar:/Users/yinxiong/risk_dev/myRepo/org/bouncycastle/bcpkix-jdk15on/1.56/bcpkix-jdk15on-1.56.jar:/Users/yinxiong/risk_dev/myRepo/org/bouncycastle/bcprov-jdk15on/1.56/bcprov-jdk15on-1.56.jar:/Users/yinxiong/risk_dev/myRepo/org/springframework/cloud/spring-cloud-netflix-eureka-server/2.0.1.RELEASE/spring-cloud-netflix-eureka-server-2.0.1.RELEASE.jar:/Users/yinxiong/risk_dev/myRepo/org/springframework/boot/spring-boot-starter-actuator/2.0.4.RELEASE/spring-boot-starter-actuator-2.0.4.RELEASE.jar:/Users/yinxiong/risk_dev/myRepo/org/springframework/boot/spring-boot-actuator-autoconfigure/2.0.4.RELEASE/spring-boot-actuator-autoconfigure-2.0.4.RELEASE.jar:/Users/yinxiong/risk_dev/myRepo/org/springframework/boot/spring-boot-actuator/2.0.4.RELEASE/spring-boot-actuator-2.0.4.RELEASE.jar:/Users/yinxiong/risk_dev/myRepo/io/micrometer/micrometer-core/1.0.6/micrometer-core-1.0.6.jar:/Users/yinxiong/risk_dev/myRepo/org/hdrhistogram/HdrHistogram/2.1.10/HdrHistogram-2.1.10.jar:/Users/yinxiong/risk_dev/myRepo/org/latencyutils/LatencyUtils/2.0.3/LatencyUtils-2.0.3.jar:/Users/yinxiong/risk_dev/myRepo/org/springframework/boot/spring-boot-starter-freemarker/2.0.4.RELEASE/spring-boot-starter-freemarker-2.0.4.RELEASE.jar:/Users/yinxiong/risk_dev/myRepo/org/freemarker/freemarker/2.3.28/freemarker-2.3.28.jar:/Users/yinxiong/risk_dev/myRepo/org/springframework/spring-context-support/5.0.8.RELEASE/spring-context-support-5.0.8.RELEASE.jar:/Users/yinxiong/risk_dev/myRepo/org/springframework/cloud/spring-cloud-netflix-core/2.0.1.RELEASE/spring-cloud-netflix-core-2.0.1.RELEASE.jar:/Users/yinxiong/risk_dev/myRepo/org/springframework/boot/spring-boot-starter-aop/2.0.4.RELEASE/spring-boot-starter-aop-2.0.4.RELEASE.jar:/Users/yinxiong/risk_dev/myRepo/org/aspectj/aspectjweaver/1.8.13/aspectjweaver-1.8.13.jar:/Users/yinxiong/risk_dev/myRepo/org/springframework/cloud/spring-cloud-netflix-eureka-client/2.0.1.RELEASE/spring-cloud-netflix-eureka-client-2.0.1.RELEASE.jar:/Users/yinxiong/risk_dev/myRepo/com/netflix/eureka/eureka-client/1.9.3/eureka-client-1.9.3.jar:/Users/yinxiong/risk_dev/myRepo/org/codehaus/jettison/jettison/1.3.7/jettison-1.3.7.jar:/Users/yinxiong/risk_dev/myRepo/stax/stax-api/1.0.1/stax-api-1.0.1.jar:/Users/yinxiong/risk_dev/myRepo/com/netflix/netflix-commons/netflix-eventbus/0.3.0/netflix-eventbus-0.3.0.jar:/Users/yinxiong/risk_dev/myRepo/com/netflix/netflix-commons/netflix-infix/0.3.0/netflix-infix-0.3.0.jar:/Users/yinxiong/risk_dev/myRepo/commons-jxpath/commons-jxpath/1.3/commons-jxpath-1.3.jar:/Users/yinxiong/risk_dev/myRepo/joda-time/joda-time/2.9.9/joda-time-2.9.9.jar:/Users/yinxiong/risk_dev/myRepo/org/antlr/antlr-runtime/3.4/antlr-runtime-3.4.jar:/Users/yinxiong/risk_dev/myRepo/org/antlr/stringtemplate/3.2.1/stringtemplate-3.2.1.jar:/Users/yinxiong/risk_dev/myRepo/antlr/antlr/2.7.7/antlr-2.7.7.jar:/Users/yinxiong/risk_dev/myRepo/com/google/code/gson/gson/2.8.5/gson-2.8.5.jar:/Users/yinxiong/risk_dev/myRepo/org/apache/commons/commons-math/2.2/commons-math-2.2.jar:/Users/yinxiong/risk_dev/myRepo/javax/ws/rs/jsr311-api/1.1.1/jsr311-api-1.1.1.jar:/Users/yinxiong/risk_dev/myRepo/com/netflix/servo/servo-core/0.12.21/servo-core-0.12.21.jar:/Users/yinxiong/risk_dev/myRepo/com/sun/jersey/jersey-core/1.19.1/jersey-core-1.19.1.jar:/Users/yinxiong/risk_dev/myRepo/com/sun/jersey/jersey-client/1.19.1/jersey-client-1.19.1.jar:/Users/yinxiong/risk_dev/myRepo/com/sun/jersey/contribs/jersey-apache-client4/1.19.1/jersey-apache-client4-1.19.1.jar:/Users/yinxiong/risk_dev/myRepo/org/apache/httpcomponents/httpclient/4.5.6/httpclient-4.5.6.jar:/Users/yinxiong/risk_dev/myRepo/org/apache/httpcomponents/httpcore/4.4.10/httpcore-4.4.10.jar:/Users/yinxiong/risk_dev/myRepo/commons-codec/commons-codec/1.11/commons-codec-1.11.jar:/Users/yinxiong/risk_dev/myRepo/com/google/inject/guice/4.1.0/guice-4.1.0.jar:/Users/yinxiong/risk_dev/myRepo/aopalliance/aopalliance/1.0/aopalliance-1.0.jar:/Users/yinxiong/risk_dev/myRepo/com/github/vlsi/compactmap/compactmap/1.2.1/compactmap-1.2.1.jar:/Users/yinxiong/risk_dev/myRepo/com/github/andrewoma/dexx/dexx-collections/0.2/dexx-collections-0.2.jar:/Users/yinxiong/risk_dev/myRepo/com/sun/jersey/jersey-servlet/1.19.1/jersey-servlet-1.19.1.jar:/Users/yinxiong/risk_dev/myRepo/com/sun/jersey/jersey-server/1.19.1/jersey-server-1.19.1.jar:/Users/yinxiong/risk_dev/myRepo/com/netflix/eureka/eureka-core/1.9.3/eureka-core-1.9.3.jar:/Users/yinxiong/risk_dev/myRepo/org/codehaus/woodstox/woodstox-core-asl/4.4.1/woodstox-core-asl-4.4.1.jar:/Users/yinxiong/risk_dev/myRepo/javax/xml/stream/stax-api/1.0-2/stax-api-1.0-2.jar:/Users/yinxiong/risk_dev/myRepo/com/netflix/archaius/archaius-core/0.7.6/archaius-core-0.7.6.jar:/Users/yinxiong/risk_dev/myRepo/com/google/code/findbugs/jsr305/3.0.1/jsr305-3.0.1.jar:/Users/yinxiong/risk_dev/myRepo/com/google/guava/guava/16.0/guava-16.0.jar:/Users/yinxiong/risk_dev/myRepo/javax/inject/javax.inject/1/javax.inject-1.jar:/Users/yinxiong/risk_dev/myRepo/com/fasterxml/jackson/dataformat/jackson-dataformat-xml/2.9.6/jackson-dataformat-xml-2.9.6.jar:/Users/yinxiong/risk_dev/myRepo/com/fasterxml/jackson/module/jackson-module-jaxb-annotations/2.9.6/jackson-module-jaxb-annotations-2.9.6.jar:/Users/yinxiong/risk_dev/myRepo/org/codehaus/woodstox/stax2-api/3.1.4/stax2-api-3.1.4.jar:/Users/yinxiong/risk_dev/myRepo/com/fasterxml/woodstox/woodstox-core/5.0.3/woodstox-core-5.0.3.jar:/Users/yinxiong/risk_dev/myRepo/com/thoughtworks/xstream/xstream/1.4.10/xstream-1.4.10.jar:/Users/yinxiong/risk_dev/myRepo/xmlpull/xmlpull/1.1.3.1/xmlpull-1.1.3.1.jar:/Users/yinxiong/risk_dev/myRepo/xpp3/xpp3_min/1.1.4c/xpp3_min-1.1.4c.jar:/Users/yinxiong/risk_dev/myRepo/org/springframework/cloud/spring-cloud-starter-netflix-archaius/2.0.1.RELEASE/spring-cloud-starter-netflix-archaius-2.0.1.RELEASE.jar:/Users/yinxiong/risk_dev/myRepo/org/springframework/cloud/spring-cloud-netflix-ribbon/2.0.1.RELEASE/spring-cloud-netflix-ribbon-2.0.1.RELEASE.jar:/Users/yinxiong/risk_dev/myRepo/org/springframework/cloud/spring-cloud-netflix-archaius/2.0.1.RELEASE/spring-cloud-netflix-archaius-2.0.1.RELEASE.jar:/Users/yinxiong/risk_dev/myRepo/commons-configuration/commons-configuration/1.8/commons-configuration-1.8.jar:/Users/yinxiong/risk_dev/myRepo/commons-lang/commons-lang/2.6/commons-lang-2.6.jar:/Users/yinxiong/risk_dev/myRepo/org/springframework/cloud/spring-cloud-starter-netflix-ribbon/2.0.1.RELEASE/spring-cloud-starter-netflix-ribbon-2.0.1.RELEASE.jar:/Users/yinxiong/risk_dev/myRepo/com/netflix/ribbon/ribbon/2.2.5/ribbon-2.2.5.jar:/Users/yinxiong/risk_dev/myRepo/com/netflix/ribbon/ribbon-transport/2.2.5/ribbon-transport-2.2.5.jar:/Users/yinxiong/risk_dev/myRepo/io/reactivex/rxnetty-contexts/0.4.9/rxnetty-contexts-0.4.9.jar:/Users/yinxiong/risk_dev/myRepo/io/reactivex/rxnetty-servo/0.4.9/rxnetty-servo-0.4.9.jar:/Users/yinxiong/risk_dev/myRepo/com/netflix/hystrix/hystrix-core/1.5.12/hystrix-core-1.5.12.jar:/Users/yinxiong/risk_dev/myRepo/io/reactivex/rxnetty/0.4.9/rxnetty-0.4.9.jar:/Users/yinxiong/risk_dev/myRepo/io/netty/netty-codec-http/4.1.27.Final/netty-codec-http-4.1.27.Final.jar:/Users/yinxiong/risk_dev/myRepo/io/netty/netty-codec/4.1.27.Final/netty-codec-4.1.27.Final.jar:/Users/yinxiong/risk_dev/myRepo/io/netty/netty-transport-native-epoll/4.1.27.Final/netty-transport-native-epoll-4.1.27.Final.jar:/Users/yinxiong/risk_dev/myRepo/io/netty/netty-common/4.1.27.Final/netty-common-4.1.27.Final.jar:/Users/yinxiong/risk_dev/myRepo/io/netty/netty-buffer/4.1.27.Final/netty-buffer-4.1.27.Final.jar:/Users/yinxiong/risk_dev/myRepo/io/netty/netty-transport-native-unix-common/4.1.27.Final/netty-transport-native-unix-common-4.1.27.Final.jar:/Users/yinxiong/risk_dev/myRepo/io/netty/netty-transport/4.1.27.Final/netty-transport-4.1.27.Final.jar:/Users/yinxiong/risk_dev/myRepo/io/netty/netty-resolver/4.1.27.Final/netty-resolver-4.1.27.Final.jar:/Users/yinxiong/risk_dev/myRepo/com/netflix/ribbon/ribbon-core/2.2.5/ribbon-core-2.2.5.jar:/Users/yinxiong/risk_dev/myRepo/com/netflix/ribbon/ribbon-httpclient/2.2.5/ribbon-httpclient-2.2.5.jar:/Users/yinxiong/risk_dev/myRepo/commons-collections/commons-collections/3.2.2/commons-collections-3.2.2.jar:/Users/yinxiong/risk_dev/myRepo/com/netflix/netflix-commons/netflix-commons-util/0.3.0/netflix-commons-util-0.3.0.jar:/Users/yinxiong/risk_dev/myRepo/com/netflix/ribbon/ribbon-loadbalancer/2.2.5/ribbon-loadbalancer-2.2.5.jar:/Users/yinxiong/risk_dev/myRepo/com/netflix/netflix-commons/netflix-statistics/0.1.1/netflix-statistics-0.1.1.jar:/Users/yinxiong/risk_dev/myRepo/io/reactivex/rxjava/1.3.8/rxjava-1.3.8.jar:/Users/yinxiong/risk_dev/myRepo/com/netflix/ribbon/ribbon-eureka/2.2.5/ribbon-eureka-2.2.5.jar:, user.name=yinxiong, java.vm.specification.version=1.8, sun.java.command=/Users/yinxiong/shunshine/ideaWks/MicroService/commons-model/target/surefire/surefirebooter3615770704774957082.jar /Users/yinxiong/shunshine/ideaWks/MicroService/commons-model/target/surefire 2019-02-14T14-50-47_079-jvmRun1 surefire4134923702646582709tmp surefire_03654087170231827256tmp, java.home=/Library/Java/JavaVirtualMachines/jdk1.8.0_112.jdk/Contents/Home/jre, sun.arch.data.model=64, user.language=zh, java.specification.vendor=Oracle Corporation, awt.toolkit=sun.lwawt.macosx.LWCToolkit, java.vm.info=mixed mode, java.version=1.8.0_112, java.ext.dirs=/Users/yinxiong/Library/Java/Extensions:/Library/Java/JavaVirtualMachines/jdk1.8.0_112.jdk/Contents/Home/jre/lib/ext:/Library/Java/Extensions:/Network/Library/Java/Extensions:/System/Library/Java/Extensions:/usr/lib/java, sun.boot.class.path=/Library/Java/JavaVirtualMachines/jdk1.8.0_112.jdk/Contents/Home/jre/lib/resources.jar:/Library/Java/JavaVirtualMachines/jdk1.8.0_112.jdk/Contents/Home/jre/lib/rt.jar:/Library/Java/JavaVirtualMachines/jdk1.8.0_112.jdk/Contents/Home/jre/lib/sunrsasign.jar:/Library/Java/JavaVirtualMachines/jdk1.8.0_112.jdk/Contents/Home/jre/lib/jsse.jar:/Library/Java/JavaVirtualMachines/jdk1.8.0_112.jdk/Contents/Home/jre/lib/jce.jar:/Library/Java/JavaVirtualMachines/jdk1.8.0_112.jdk/Contents/Home/jre/lib/charsets.jar:/Library/Java/JavaVirtualMachines/jdk1.8.0_112.jdk/Contents/Home/jre/lib/jfr.jar:/Library/Java/JavaVirtualMachines/jdk1.8.0_112.jdk/Contents/Home/jre/classes, java.vendor=Oracle Corporation, localRepository=/Users/yinxiong/risk_dev/myRepo, file.separator=/, java.vendor.url.bug=http://bugreport.sun.com/bugreport/, sun.io.unicode.encoding=UnicodeBig, sun.cpu.endian=little, sun.cpu.isalist=}}, SystemEnvironmentPropertySource@93314457 {name='systemEnvironment', properties={PATH=/Users/yinxiong/.rvm/gems/ruby-2.6.0/bin:/Users/yinxiong/.rvm/gems/ruby-2.6.0@global/bin:/Users/yinxiong/.rvm/rubies/ruby-2.6.0/bin:/usr/local/bin:/usr/bin:/bin:/usr/sbin:/sbin:/Library/Frameworks/Mono.framework/Versions/Current/Commands:/Users/yinxiong/.rvm/bin, IRBRC=/Users/yinxiong/.rvm/rubies/ruby-2.6.0/.irbrc, _system_arch=x86_64, rvm_bin_path=/Users/yinxiong/.rvm/bin, rvm_prefix=/Users/yinxiong, VERSIONER_PYTHON_VERSION=2.7, LOGNAME=yinxiong, rvm_version=1.29.7 (latest), XPC_SERVICE_NAME=0, PWD=/Users/yinxiong/shunshine/ideaWks/MicroService/commons-model, _=/Library/Java/JavaVirtualMachines/jdk1.8.0_112.jdk/Contents/Home/jre/bin/java, SHELL=/bin/zsh, JAVA_MAIN_CLASS_10664=org.codehaus.classworlds.Launcher, PAGER=less, JAVA_MAIN_CLASS_10666=org.apache.maven.surefire.booter.ForkedBooter, LSCOLORS=Gxfxcxdxbxegedabagacad, _system_type=Darwin, MY_RUBY_HOME=/Users/yinxiong/.rvm/rubies/ruby-2.6.0, OLDPWD=/Users/yinxiong/shunshine/ideaWks/MicroService/commons-model, _system_version=10.14, VERSIONER_PYTHON_PREFER_32_BIT=no, USER=yinxiong, GEM_HOME=/Users/yinxiong/.rvm/gems/ruby-2.6.0, ZSH=/Users/yinxiong/.oh-my-zsh, rvm_path=/Users/yinxiong/.rvm, TMPDIR=/var/folders/pw/fjjbqww166950q_gqttgmf200000gn/T/, SSH_AUTH_SOCK=/private/tmp/com.apple.launchd.D3El3GoG3K/Listeners, RUBY_VERSION=ruby-2.6.0, GEM_PATH=/Users/yinxiong/.rvm/gems/ruby-2.6.0:/Users/yinxiong/.rvm/gems/ruby-2.6.0@global, XPC_FLAGS=0x0, _system_name=OSX, __CF_USER_TEXT_ENCODING=0x1F5:0x19:0x34, Apple_PubSub_Socket_Render=/private/tmp/com.apple.launchd.mztnPlCv6Z/Render, LESS=-R, LC_CTYPE=, HOME=/Users/yinxiong, SHLVL=1}}]
14:50:48.376 [main] DEBUG org.springframework.core.io.support.PathMatchingResourcePatternResolver - Resolved classpath location [com/yx/commonsmodel/] to resources [URL [file:/Users/yinxiong/shunshine/ideaWks/MicroService/commons-model/target/test-classes/com/yx/commonsmodel/], URL [file:/Users/yinxiong/shunshine/ideaWks/MicroService/commons-model/target/classes/com/yx/commonsmodel/]]
14:50:48.377 [main] DEBUG org.springframework.core.io.support.PathMatchingResourcePatternResolver - Looking for matching resources in directory tree [/Users/yinxiong/shunshine/ideaWks/MicroService/commons-model/target/test-classes/com/yx/commonsmodel]
14:50:48.377 [main] DEBUG org.springframework.core.io.support.PathMatchingResourcePatternResolver - Searching directory [/Users/yinxiong/shunshine/ideaWks/MicroService/commons-model/target/test-classes/com/yx/commonsmodel] for files matching pattern [/Users/yinxiong/shunshine/ideaWks/MicroService/commons-model/target/test-classes/com/yx/commonsmodel/*.class]
14:50:48.382 [main] DEBUG org.springframework.core.io.support.PathMatchingResourcePatternResolver - Looking for matching resources in directory tree [/Users/yinxiong/shunshine/ideaWks/MicroService/commons-model/target/classes/com/yx/commonsmodel]
14:50:48.382 [main] DEBUG org.springframework.core.io.support.PathMatchingResourcePatternResolver - Searching directory [/Users/yinxiong/shunshine/ideaWks/MicroService/commons-model/target/classes/com/yx/commonsmodel] for files matching pattern [/Users/yinxiong/shunshine/ideaWks/MicroService/commons-model/target/classes/com/yx/commonsmodel/*.class]
14:50:48.383 [main] DEBUG org.springframework.core.io.support.PathMatchingResourcePatternResolver - Resolved location pattern [classpath*:com/yx/commonsmodel/*.class] to resources [file [/Users/yinxiong/shunshine/ideaWks/MicroService/commons-model/target/test-classes/com/yx/commonsmodel/CommonsModelApplicationTests.class]]
14:50:48.421 [main] DEBUG org.springframework.core.io.support.PathMatchingResourcePatternResolver - Resolved classpath location [com/yx/] to resources [URL [file:/Users/yinxiong/shunshine/ideaWks/MicroService/commons-model/target/test-classes/com/yx/], URL [file:/Users/yinxiong/shunshine/ideaWks/MicroService/commons-model/target/classes/com/yx/]]
14:50:48.422 [main] DEBUG org.springframework.core.io.support.PathMatchingResourcePatternResolver - Looking for matching resources in directory tree [/Users/yinxiong/shunshine/ideaWks/MicroService/commons-model/target/test-classes/com/yx]
14:50:48.422 [main] DEBUG org.springframework.core.io.support.PathMatchingResourcePatternResolver - Searching directory [/Users/yinxiong/shunshine/ideaWks/MicroService/commons-model/target/test-classes/com/yx] for files matching pattern [/Users/yinxiong/shunshine/ideaWks/MicroService/commons-model/target/test-classes/com/yx/*.class]
14:50:48.423 [main] DEBUG org.springframework.core.io.support.PathMatchingResourcePatternResolver - Looking for matching resources in directory tree [/Users/yinxiong/shunshine/ideaWks/MicroService/commons-model/target/classes/com/yx]
14:50:48.423 [main] DEBUG org.springframework.core.io.support.PathMatchingResourcePatternResolver - Searching directory [/Users/yinxiong/shunshine/ideaWks/MicroService/commons-model/target/classes/com/yx] for files matching pattern [/Users/yinxiong/shunshine/ideaWks/MicroService/commons-model/target/classes/com/yx/*.class]
14:50:48.424 [main] DEBUG org.springframework.core.io.support.PathMatchingResourcePatternResolver - Resolved location pattern [classpath*:com/yx/*.class] to resources []
14:50:48.442 [main] DEBUG org.springframework.core.io.support.PathMatchingResourcePatternResolver - Resolved classpath location [com/] to resources [URL [jar:file:/System/Library/Java/Extensions/MRJToolkit.jar!/com/], URL [file:/Users/yinxiong/shunshine/ideaWks/MicroService/commons-model/target/test-classes/com/], URL [file:/Users/yinxiong/shunshine/ideaWks/MicroService/commons-model/target/classes/com/], URL [jar:file:/Users/yinxiong/risk_dev/myRepo/com/fasterxml/jackson/core/jackson-databind/2.9.6/jackson-databind-2.9.6.jar!/com/], URL [jar:file:/Users/yinxiong/risk_dev/myRepo/com/fasterxml/jackson/core/jackson-annotations/2.9.0/jackson-annotations-2.9.0.jar!/com/], URL [jar:file:/Users/yinxiong/risk_dev/myRepo/com/fasterxml/jackson/core/jackson-core/2.9.6/jackson-core-2.9.6.jar!/com/], URL [jar:file:/Users/yinxiong/risk_dev/myRepo/com/fasterxml/jackson/datatype/jackson-datatype-jdk8/2.9.6/jackson-datatype-jdk8-2.9.6.jar!/com/], URL [jar:file:/Users/yinxiong/risk_dev/myRepo/com/fasterxml/jackson/datatype/jackson-datatype-jsr310/2.9.6/jackson-datatype-jsr310-2.9.6.jar!/com/], URL [jar:file:/Users/yinxiong/risk_dev/myRepo/com/fasterxml/jackson/module/jackson-module-parameter-names/2.9.6/jackson-module-parameter-names-2.9.6.jar!/com/], URL [jar:file:/Users/yinxiong/risk_dev/myRepo/com/fasterxml/classmate/1.3.4/classmate-1.3.4.jar!/com/], URL [jar:file:/Users/yinxiong/risk_dev/myRepo/org/projectlombok/lombok/1.16.22/lombok-1.16.22.jar!/com/], URL [jar:file:/Users/yinxiong/risk_dev/myRepo/com/jayway/jsonpath/json-path/2.4.0/json-path-2.4.0.jar!/com/], URL [jar:file:/Users/yinxiong/risk_dev/myRepo/com/netflix/eureka/eureka-client/1.9.3/eureka-client-1.9.3.jar!/com/], URL [jar:file:/Users/yinxiong/risk_dev/myRepo/com/netflix/netflix-commons/netflix-eventbus/0.3.0/netflix-eventbus-0.3.0.jar!/com/], URL [jar:file:/Users/yinxiong/risk_dev/myRepo/com/netflix/netflix-commons/netflix-infix/0.3.0/netflix-infix-0.3.0.jar!/com/], URL [jar:file:/Users/yinxiong/risk_dev/myRepo/com/google/code/gson/gson/2.8.5/gson-2.8.5.jar!/com/], URL [jar:file:/Users/yinxiong/risk_dev/myRepo/com/netflix/servo/servo-core/0.12.21/servo-core-0.12.21.jar!/com/], URL [jar:file:/Users/yinxiong/risk_dev/myRepo/com/sun/jersey/jersey-core/1.19.1/jersey-core-1.19.1.jar!/com/], URL [jar:file:/Users/yinxiong/risk_dev/myRepo/com/sun/jersey/jersey-client/1.19.1/jersey-client-1.19.1.jar!/com/], URL [jar:file:/Users/yinxiong/risk_dev/myRepo/com/sun/jersey/contribs/jersey-apache-client4/1.19.1/jersey-apache-client4-1.19.1.jar!/com/], URL [jar:file:/Users/yinxiong/risk_dev/myRepo/com/google/inject/guice/4.1.0/guice-4.1.0.jar!/com/], URL [jar:file:/Users/yinxiong/risk_dev/myRepo/com/github/andrewoma/dexx/dexx-collections/0.2/dexx-collections-0.2.jar!/com/], URL [jar:file:/Users/yinxiong/risk_dev/myRepo/com/sun/jersey/jersey-servlet/1.19.1/jersey-servlet-1.19.1.jar!/com/], URL [jar:file:/Users/yinxiong/risk_dev/myRepo/com/sun/jersey/jersey-server/1.19.1/jersey-server-1.19.1.jar!/com/], URL [jar:file:/Users/yinxiong/risk_dev/myRepo/com/netflix/eureka/eureka-core/1.9.3/eureka-core-1.9.3.jar!/com/], URL [jar:file:/Users/yinxiong/risk_dev/myRepo/org/codehaus/woodstox/woodstox-core-asl/4.4.1/woodstox-core-asl-4.4.1.jar!/com/], URL [jar:file:/Users/yinxiong/risk_dev/myRepo/com/netflix/archaius/archaius-core/0.7.6/archaius-core-0.7.6.jar!/com/], URL [jar:file:/Users/yinxiong/risk_dev/myRepo/com/google/guava/guava/16.0/guava-16.0.jar!/com/], URL [jar:file:/Users/yinxiong/risk_dev/myRepo/com/fasterxml/jackson/dataformat/jackson-dataformat-xml/2.9.6/jackson-dataformat-xml-2.9.6.jar!/com/], URL [jar:file:/Users/yinxiong/risk_dev/myRepo/com/fasterxml/jackson/module/jackson-module-jaxb-annotations/2.9.6/jackson-module-jaxb-annotations-2.9.6.jar!/com/], URL [jar:file:/Users/yinxiong/risk_dev/myRepo/com/fasterxml/woodstox/woodstox-core/5.0.3/woodstox-core-5.0.3.jar!/com/], URL [jar:file:/Users/yinxiong/risk_dev/myRepo/com/thoughtworks/xstream/xstream/1.4.10/xstream-1.4.10.jar!/com/], URL [jar:file:/Users/yinxiong/risk_dev/myRepo/com/netflix/ribbon/ribbon/2.2.5/ribbon-2.2.5.jar!/com/], URL [jar:file:/Users/yinxiong/risk_dev/myRepo/com/netflix/ribbon/ribbon-transport/2.2.5/ribbon-transport-2.2.5.jar!/com/], URL [jar:file:/Users/yinxiong/risk_dev/myRepo/io/reactivex/rxnetty-contexts/0.4.9/rxnetty-contexts-0.4.9.jar!/com/], URL [jar:file:/Users/yinxiong/risk_dev/myRepo/com/netflix/hystrix/hystrix-core/1.5.12/hystrix-core-1.5.12.jar!/com/], URL [jar:file:/Users/yinxiong/risk_dev/myRepo/com/netflix/ribbon/ribbon-core/2.2.5/ribbon-core-2.2.5.jar!/com/], URL [jar:file:/Users/yinxiong/risk_dev/myRepo/com/netflix/ribbon/ribbon-httpclient/2.2.5/ribbon-httpclient-2.2.5.jar!/com/], URL [jar:file:/Users/yinxiong/risk_dev/myRepo/com/netflix/netflix-commons/netflix-commons-util/0.3.0/netflix-commons-util-0.3.0.jar!/com/], URL [jar:file:/Users/yinxiong/risk_dev/myRepo/com/netflix/ribbon/ribbon-loadbalancer/2.2.5/ribbon-loadbalancer-2.2.5.jar!/com/], URL [jar:file:/Users/yinxiong/risk_dev/myRepo/com/netflix/netflix-commons/netflix-statistics/0.1.1/netflix-statistics-0.1.1.jar!/com/], URL [jar:file:/Users/yinxiong/risk_dev/myRepo/com/netflix/ribbon/ribbon-eureka/2.2.5/ribbon-eureka-2.2.5.jar!/com/]]
14:50:48.443 [main] DEBUG org.springframework.core.io.support.PathMatchingResourcePatternResolver - Looking for matching resources in jar file [file:/System/Library/Java/Extensions/MRJToolkit.jar]
14:50:48.443 [main] DEBUG org.springframework.core.io.support.PathMatchingResourcePatternResolver - Looking for matching resources in directory tree [/Users/yinxiong/shunshine/ideaWks/MicroService/commons-model/target/test-classes/com]
14:50:48.444 [main] DEBUG org.springframework.core.io.support.PathMatchingResourcePatternResolver - Searching directory [/Users/yinxiong/shunshine/ideaWks/MicroService/commons-model/target/test-classes/com] for files matching pattern [/Users/yinxiong/shunshine/ideaWks/MicroService/commons-model/target/test-classes/com/*.class]
14:50:48.444 [main] DEBUG org.springframework.core.io.support.PathMatchingResourcePatternResolver - Looking for matching resources in directory tree [/Users/yinxiong/shunshine/ideaWks/MicroService/commons-model/target/classes/com]
14:50:48.444 [main] DEBUG org.springframework.core.io.support.PathMatchingResourcePatternResolver - Searching directory [/Users/yinxiong/shunshine/ideaWks/MicroService/commons-model/target/classes/com] for files matching pattern [/Users/yinxiong/shunshine/ideaWks/MicroService/commons-model/target/classes/com/*.class]
14:50:48.471 [main] DEBUG org.springframework.core.io.support.PathMatchingResourcePatternResolver - Looking for matching resources in jar file [file:/Users/yinxiong/risk_dev/myRepo/com/fasterxml/jackson/core/jackson-databind/2.9.6/jackson-databind-2.9.6.jar]
14:50:48.566 [main] DEBUG org.springframework.core.io.support.PathMatchingResourcePatternResolver - Looking for matching resources in jar file [file:/Users/yinxiong/risk_dev/myRepo/com/fasterxml/jackson/core/jackson-annotations/2.9.0/jackson-annotations-2.9.0.jar]
14:50:48.579 [main] DEBUG org.springframework.core.io.support.PathMatchingResourcePatternResolver - Looking for matching resources in jar file [file:/Users/yinxiong/risk_dev/myRepo/com/fasterxml/jackson/core/jackson-core/2.9.6/jackson-core-2.9.6.jar]
14:50:48.580 [main] DEBUG org.springframework.core.io.support.PathMatchingResourcePatternResolver - Looking for matching resources in jar file [file:/Users/yinxiong/risk_dev/myRepo/com/fasterxml/jackson/datatype/jackson-datatype-jdk8/2.9.6/jackson-datatype-jdk8-2.9.6.jar]
14:50:48.591 [main] DEBUG org.springframework.core.io.support.PathMatchingResourcePatternResolver - Looking for matching resources in jar file [file:/Users/yinxiong/risk_dev/myRepo/com/fasterxml/jackson/datatype/jackson-datatype-jsr310/2.9.6/jackson-datatype-jsr310-2.9.6.jar]
14:50:48.592 [main] DEBUG org.springframework.core.io.support.PathMatchingResourcePatternResolver - Looking for matching resources in jar file [file:/Users/yinxiong/risk_dev/myRepo/com/fasterxml/jackson/module/jackson-module-parameter-names/2.9.6/jackson-module-parameter-names-2.9.6.jar]
14:50:48.592 [main] DEBUG org.springframework.core.io.support.PathMatchingResourcePatternResolver - Looking for matching resources in jar file [file:/Users/yinxiong/risk_dev/myRepo/com/fasterxml/classmate/1.3.4/classmate-1.3.4.jar]
14:50:48.593 [main] DEBUG org.springframework.core.io.support.PathMatchingResourcePatternResolver - Looking for matching resources in jar file [file:/Users/yinxiong/risk_dev/myRepo/org/projectlombok/lombok/1.16.22/lombok-1.16.22.jar]
14:50:48.599 [main] DEBUG org.springframework.core.io.support.PathMatchingResourcePatternResolver - Looking for matching resources in jar file [file:/Users/yinxiong/risk_dev/myRepo/com/jayway/jsonpath/json-path/2.4.0/json-path-2.4.0.jar]
14:50:48.601 [main] DEBUG org.springframework.core.io.support.PathMatchingResourcePatternResolver - Looking for matching resources in jar file [file:/Users/yinxiong/risk_dev/myRepo/com/netflix/eureka/eureka-client/1.9.3/eureka-client-1.9.3.jar]
14:50:48.609 [main] DEBUG org.springframework.core.io.support.PathMatchingResourcePatternResolver - Looking for matching resources in jar file [file:/Users/yinxiong/risk_dev/myRepo/com/netflix/netflix-commons/netflix-eventbus/0.3.0/netflix-eventbus-0.3.0.jar]
14:50:48.610 [main] DEBUG org.springframework.core.io.support.PathMatchingResourcePatternResolver - Looking for matching resources in jar file [file:/Users/yinxiong/risk_dev/myRepo/com/netflix/netflix-commons/netflix-infix/0.3.0/netflix-infix-0.3.0.jar]
14:50:48.611 [main] DEBUG org.springframework.core.io.support.PathMatchingResourcePatternResolver - Looking for matching resources in jar file [file:/Users/yinxiong/risk_dev/myRepo/com/google/code/gson/gson/2.8.5/gson-2.8.5.jar]
14:50:48.613 [main] DEBUG org.springframework.core.io.support.PathMatchingResourcePatternResolver - Looking for matching resources in jar file [file:/Users/yinxiong/risk_dev/myRepo/com/netflix/servo/servo-core/0.12.21/servo-core-0.12.21.jar]
14:50:48.614 [main] DEBUG org.springframework.core.io.support.PathMatchingResourcePatternResolver - Looking for matching resources in jar file [file:/Users/yinxiong/risk_dev/myRepo/com/sun/jersey/jersey-core/1.19.1/jersey-core-1.19.1.jar]
14:50:48.618 [main] DEBUG org.springframework.core.io.support.PathMatchingResourcePatternResolver - Looking for matching resources in jar file [file:/Users/yinxiong/risk_dev/myRepo/com/sun/jersey/jersey-client/1.19.1/jersey-client-1.19.1.jar]
14:50:48.619 [main] DEBUG org.springframework.core.io.support.PathMatchingResourcePatternResolver - Looking for matching resources in jar file [file:/Users/yinxiong/risk_dev/myRepo/com/sun/jersey/contribs/jersey-apache-client4/1.19.1/jersey-apache-client4-1.19.1.jar]
14:50:48.620 [main] DEBUG org.springframework.core.io.support.PathMatchingResourcePatternResolver - Looking for matching resources in jar file [file:/Users/yinxiong/risk_dev/myRepo/com/google/inject/guice/4.1.0/guice-4.1.0.jar]
14:50:48.673 [main] DEBUG org.springframework.core.io.support.PathMatchingResourcePatternResolver - Looking for matching resources in jar file [file:/Users/yinxiong/risk_dev/myRepo/com/github/andrewoma/dexx/dexx-collections/0.2/dexx-collections-0.2.jar]
14:50:48.675 [main] DEBUG org.springframework.core.io.support.PathMatchingResourcePatternResolver - Looking for matching resources in jar file [file:/Users/yinxiong/risk_dev/myRepo/com/sun/jersey/jersey-servlet/1.19.1/jersey-servlet-1.19.1.jar]
14:50:48.676 [main] DEBUG org.springframework.core.io.support.PathMatchingResourcePatternResolver - Looking for matching resources in jar file [file:/Users/yinxiong/risk_dev/myRepo/com/sun/jersey/jersey-server/1.19.1/jersey-server-1.19.1.jar]
14:50:48.702 [main] DEBUG org.springframework.core.io.support.PathMatchingResourcePatternResolver - Looking for matching resources in jar file [file:/Users/yinxiong/risk_dev/myRepo/com/netflix/eureka/eureka-core/1.9.3/eureka-core-1.9.3.jar]
14:50:48.705 [main] DEBUG org.springframework.core.io.support.PathMatchingResourcePatternResolver - Looking for matching resources in jar file [file:/Users/yinxiong/risk_dev/myRepo/org/codehaus/woodstox/woodstox-core-asl/4.4.1/woodstox-core-asl-4.4.1.jar]
14:50:48.708 [main] DEBUG org.springframework.core.io.support.PathMatchingResourcePatternResolver - Looking for matching resources in jar file [file:/Users/yinxiong/risk_dev/myRepo/com/netflix/archaius/archaius-core/0.7.6/archaius-core-0.7.6.jar]
14:50:48.709 [main] DEBUG org.springframework.core.io.support.PathMatchingResourcePatternResolver - Looking for matching resources in jar file [file:/Users/yinxiong/risk_dev/myRepo/com/google/guava/guava/16.0/guava-16.0.jar]
14:50:48.717 [main] DEBUG org.springframework.core.io.support.PathMatchingResourcePatternResolver - Looking for matching resources in jar file [file:/Users/yinxiong/risk_dev/myRepo/com/fasterxml/jackson/dataformat/jackson-dataformat-xml/2.9.6/jackson-dataformat-xml-2.9.6.jar]
14:50:48.718 [main] DEBUG org.springframework.core.io.support.PathMatchingResourcePatternResolver - Looking for matching resources in jar file [file:/Users/yinxiong/risk_dev/myRepo/com/fasterxml/jackson/module/jackson-module-jaxb-annotations/2.9.6/jackson-module-jaxb-annotations-2.9.6.jar]
14:50:48.719 [main] DEBUG org.springframework.core.io.support.PathMatchingResourcePatternResolver - Looking for matching resources in jar file [file:/Users/yinxiong/risk_dev/myRepo/com/fasterxml/woodstox/woodstox-core/5.0.3/woodstox-core-5.0.3.jar]
14:50:48.721 [main] DEBUG org.springframework.core.io.support.PathMatchingResourcePatternResolver - Looking for matching resources in jar file [file:/Users/yinxiong/risk_dev/myRepo/com/thoughtworks/xstream/xstream/1.4.10/xstream-1.4.10.jar]
14:50:48.725 [main] DEBUG org.springframework.core.io.support.PathMatchingResourcePatternResolver - Looking for matching resources in jar file [file:/Users/yinxiong/risk_dev/myRepo/com/netflix/ribbon/ribbon/2.2.5/ribbon-2.2.5.jar]
14:50:48.734 [main] DEBUG org.springframework.core.io.support.PathMatchingResourcePatternResolver - Looking for matching resources in jar file [file:/Users/yinxiong/risk_dev/myRepo/com/netflix/ribbon/ribbon-transport/2.2.5/ribbon-transport-2.2.5.jar]
14:50:48.734 [main] DEBUG org.springframework.core.io.support.PathMatchingResourcePatternResolver - Looking for matching resources in jar file [file:/Users/yinxiong/risk_dev/myRepo/io/reactivex/rxnetty-contexts/0.4.9/rxnetty-contexts-0.4.9.jar]
14:50:48.735 [main] DEBUG org.springframework.core.io.support.PathMatchingResourcePatternResolver - Looking for matching resources in jar file [file:/Users/yinxiong/risk_dev/myRepo/com/netflix/hystrix/hystrix-core/1.5.12/hystrix-core-1.5.12.jar]
14:50:48.738 [main] DEBUG org.springframework.core.io.support.PathMatchingResourcePatternResolver - Looking for matching resources in jar file [file:/Users/yinxiong/risk_dev/myRepo/com/netflix/ribbon/ribbon-core/2.2.5/ribbon-core-2.2.5.jar]
14:50:48.740 [main] DEBUG org.springframework.core.io.support.PathMatchingResourcePatternResolver - Looking for matching resources in jar file [file:/Users/yinxiong/risk_dev/myRepo/com/netflix/ribbon/ribbon-httpclient/2.2.5/ribbon-httpclient-2.2.5.jar]
14:50:48.740 [main] DEBUG org.springframework.core.io.support.PathMatchingResourcePatternResolver - Looking for matching resources in jar file [file:/Users/yinxiong/risk_dev/myRepo/com/netflix/netflix-commons/netflix-commons-util/0.3.0/netflix-commons-util-0.3.0.jar]
14:50:48.740 [main] DEBUG org.springframework.core.io.support.PathMatchingResourcePatternResolver - Looking for matching resources in jar file [file:/Users/yinxiong/risk_dev/myRepo/com/netflix/ribbon/ribbon-loadbalancer/2.2.5/ribbon-loadbalancer-2.2.5.jar]
14:50:48.741 [main] DEBUG org.springframework.core.io.support.PathMatchingResourcePatternResolver - Looking for matching resources in jar file [file:/Users/yinxiong/risk_dev/myRepo/com/netflix/netflix-commons/netflix-statistics/0.1.1/netflix-statistics-0.1.1.jar]
14:50:48.742 [main] DEBUG org.springframework.core.io.support.PathMatchingResourcePatternResolver - Looking for matching resources in jar file [file:/Users/yinxiong/risk_dev/myRepo/com/netflix/ribbon/ribbon-eureka/2.2.5/ribbon-eureka-2.2.5.jar]
14:50:48.750 [main] DEBUG org.springframework.core.io.support.PathMatchingResourcePatternResolver - Resolved location pattern [classpath*:com/*.class] to resources []
]]></system-out>
  </testcase>
</testsuite>